<?xml version="1.0" encoding="utf-8"?><testsuites name="pytest tests"><testsuite name="pytest" errors="0" failures="0" skipped="0" tests="25" time="8.595" timestamp="2026-08-15T23:01:15.513149+00:00" hostname="agent-env-a4913f45-0e99-4963-8126-f9a950ac77c0"><testcase classname="tests.test_feira_backend.TestAuth" name="test_dev_login_no_secret_works" time="0.129" /><testcase classname="tests.test_feira_backend.TestAuth" name="test_dev_login_invalid_role" time="0.100" /><testcase classname="tests.test_feira_backend.TestAuth" name="test_dev_login_all_roles" time="0.639" /><testcase classname="tests.test_feira_backend.TestAuth" name="test_me_requires_auth" time="0.095" /><testcase classname="tests.test_feira_backend.TestAuth" name="test_logout" time="0.282" /><testcase classname="tests.test_feira_backend.TestDeleteAccount" name="test_delete_account_requires_auth" time="0.093" /><testcase classname="tests.test_feira_backend.TestDeleteAccount" name="test_delete_account_removes_user_and_data" time="0.975" /><testcase classname="tests.test_feira_backend.TestStores" name="test_admin_create_and_assign_lojista" time="0.308" /><testcase classname="tests.test_feira_backend.TestStores" name="test_list_stores" time="0.099" /><testcase classname="tests.test_feira_backend.TestStores" name="test_cliente_cannot_create_store" time="0.184" /><testcase classname="tests.test_feira_backend.TestProducts" name="test_lojista_create_products_all_categories" time="1.378" /><testcase classname="tests.test_feira_backend.TestProducts" name="test_filter_products_by_category" time="0.103" /><testcase classname="tests.test_feira_backend.TestProducts" name="test_list_sort_price_asc" time="0.103" /><testcase classname="tests.test_feira_backend.TestFavorites" name="test_favorite_flow" time="0.528" /><testcase classname="tests.test_feira_backend.TestReviews" name="test_add_review_and_avg" time="0.221" /><testcase classname="tests.test_feira_backend.TestCoupons" name="test_create_list_apply_coupon" time="0.285" /><testcase classname="tests.test_feira_backend.TestCoupons" name="test_order_with_coupon" time="0.101" /><testcase classname="tests.test_feira_backend.TestCoupons" name="test_delete_coupon" time="0.192" /><testcase classname="tests.test_feira_backend.TestOrderPDF" name="test_pdf_download" time="0.161" /><testcase classname="tests.test_feira_backend.TestStorePresence" name="test_set_open_and_heartbeat" time="0.400" /><testcase classname="tests.test_feira_backend.TestVendorReport" name="test_vendor_report" time="0.089" /><testcase classname="tests.test_feira_backend.TestAdmin" name="test_metrics" time="0.107" /><testcase classname="tests.test_feira_backend.TestAdmin" name="test_users" time="0.154" /><testcase classname="tests.test_feira_backend.TestAdmin" name="test_cliente_forbidden" time="1.140" /><testcase classname="tests.test_feira_backend.TestUpload" name="test_upload_and_fetch" time="0.634" /></testsuite></testsuites>