<?xml version="1.0" encoding="utf-8"?><testsuites name="pytest tests"><testsuite name="pytest" errors="0" failures="0" skipped="0" tests="31" time="11.808" timestamp="2026-08-13T16:44:08.211564+00:00" hostname="agent-env-a4913f45-0e99-4963-8126-f9a950ac77c0"><testcase classname="tests.test_feira_backend.TestAuth" name="test_dev_login_bad_secret" time="0.184" /><testcase classname="tests.test_feira_backend.TestAuth" name="test_dev_login_invalid_role" time="0.126" /><testcase classname="tests.test_feira_backend.TestAuth" name="test_me_requires_auth" time="0.139" /><testcase classname="tests.test_feira_backend.TestAuth" name="test_me_ok" time="0.241" /><testcase classname="tests.test_feira_backend.TestAuth" name="test_logout" time="0.444" /><testcase classname="tests.test_feira_backend.TestStores" name="test_cliente_cannot_create_store" time="0.277" /><testcase classname="tests.test_feira_backend.TestStores" name="test_unauth_cannot_create_store" time="0.119" /><testcase classname="tests.test_feira_backend.TestStores" name="test_admin_create_store_and_assign_lojista" time="0.474" /><testcase classname="tests.test_feira_backend.TestStores" name="test_list_stores" time="0.129" /><testcase classname="tests.test_feira_backend.TestStores" name="test_update_store_admin" time="0.126" /><testcase classname="tests.test_feira_backend.TestProducts" name="test_lojista_create_product" time="0.405" /><testcase classname="tests.test_feira_backend.TestProducts" name="test_list_products_sort_name" time="0.133" /><testcase classname="tests.test_feira_backend.TestProducts" name="test_list_products_sort_price_asc" time="0.137" /><testcase classname="tests.test_feira_backend.TestProducts" name="test_lojista_cannot_manage_other_store" time="0.251" /><testcase classname="tests.test_feira_backend.TestProducts" name="test_update_product" time="0.129" /><testcase classname="tests.test_feira_backend.TestUpload" name="test_upload_and_fetch" time="0.701" /><testcase classname="tests.test_feira_backend.TestAI" name="test_ai_import_text" time="5.521" /><testcase classname="tests.test_feira_backend.TestAI" name="test_ai_import_rbac" time="0.159" /><testcase classname="tests.test_feira_backend.TestOrders" name="test_create_order" time="0.112" /><testcase classname="tests.test_feira_backend.TestOrders" name="test_get_order_by_token_public" time="0.127" /><testcase classname="tests.test_feira_backend.TestOrders" name="test_get_order_bad_token_forbidden" time="0.126" /><testcase classname="tests.test_feira_backend.TestOrders" name="test_my_orders" time="0.131" /><testcase classname="tests.test_feira_backend.TestOrders" name="test_vendor_orders" time="0.121" /><testcase classname="tests.test_feira_backend.TestOrders" name="test_update_order_items" time="0.115" /><testcase classname="tests.test_feira_backend.TestOrders" name="test_update_status_vendor" time="0.161" /><testcase classname="tests.test_feira_backend.TestOrders" name="test_pdf" time="0.198" /><testcase classname="tests.test_feira_backend.TestAdmin" name="test_admin_metrics" time="0.124" /><testcase classname="tests.test_feira_backend.TestAdmin" name="test_admin_users" time="0.131" /><testcase classname="tests.test_feira_backend.TestAdmin" name="test_cliente_forbidden_admin" time="0.151" /><testcase classname="tests.test_feira_backend.TestAdmin" name="test_set_role" time="0.266" /><testcase classname="tests.test_feira_backend.TestCleanup" name="test_delete_store_admin" time="0.257" /></testsuite></testsuites>