<?xml version="1.0" encoding="utf-8"?><testsuites name="pytest tests"><testsuite name="pytest" errors="0" failures="0" skipped="0" tests="23" time="6.048" timestamp="2026-09-04T22:07:32.329599+00:00" hostname="agent-env-cd5158f2-c207-4d07-9d85-6d7de1801ba0"><testcase classname="tests.test_shopm3d_import.TestSeededLogin" name="test_login_root_master" time="0.792" /><testcase classname="tests.test_shopm3d_import.TestSeededLogin" name="test_login_admin" time="0.576" /><testcase classname="tests.test_shopm3d_import.TestSeededLogin" name="test_login_lojista" time="0.590" /><testcase classname="tests.test_shopm3d_import.TestSeededLogin" name="test_login_cliente" time="0.565" /><testcase classname="tests.test_shopm3d_import.TestSeededLogin" name="test_login_wrong_password" time="0.353" /><testcase classname="tests.test_shopm3d_import.TestAdminFlows" name="test_admin_metrics" time="2.898" /><testcase classname="tests.test_shopm3d_import.TestSeededLogin" name="test_login_missing_fields" time="0.126" /><testcase classname="tests.test_shopm3d_import.TestAdminFlows" name="test_admin_users_as_master" time="0.137" /><testcase classname="tests.test_shopm3d_import.TestAdminFlows" name="test_admin_users_scoped_for_common_admin" time="0.317" /><testcase classname="tests.test_shopm3d_import.TestAdminFlows" name="test_groups_public_get" time="0.346" /><testcase classname="tests.test_shopm3d_import.TestAdminFlows" name="test_cliente_forbidden_admin" time="0.128" /><testcase classname="tests.test_shopm3d_import.TestPublic" name="test_home" time="0.237" /><testcase classname="tests.test_shopm3d_import.TestPublic" name="test_list_stores" time="0.128" /><testcase classname="tests.test_shopm3d_import.TestPublic" name="test_whatsapp_status" time="0.220" /><testcase classname="tests.test_shopm3d_import.TestCustomerFlow" name="test_my_orders" time="0.124" /><testcase classname="tests.test_shopm3d_import.TestSeededLogin" name="test_me_with_each_token" time="2.006" /><testcase classname="tests.test_shopm3d_import.TestCustomerFlow" name="test_my_catalog_stores" time="0.125" /><testcase classname="tests.test_shopm3d_import.TestCleanup" name="test_cleanup_store_and_product" time="0.000" /><testcase classname="tests.test_shopm3d_import.TestSeededLogin" name="test_me_without_token" time="0.170" /><testcase classname="tests.test_shopm3d_import.TestVendorFlow" name="test_admin_create_store_for_lojista" time="0.146" /><testcase classname="tests.test_shopm3d_import.TestVendorFlow" name="test_lojista_me_has_store" time="0.135" /><testcase classname="tests.test_shopm3d_import.TestVendorFlow" name="test_lojista_create_product" time="0.134" /><testcase classname="tests.test_shopm3d_import.TestVendorFlow" name="test_vendor_report" time="0.113" /></testsuite></testsuites>